<?xml version="1.0" encoding="UTF-8"?>
<!-- Generated by org.testng.reporters.JUnitReportReporter -->
<testsuite hostname="m2mac" failures="0" tests="6" name="com.example.tests.ParamsTest" time="0.004" errors="0" timestamp="2025-08-19T17:17:15 IST" skipped="0">
  <testcase classname="com.example.tests.ParamsTest" name="testMethod_alsoPasses" time="0.000"/>
  <testcase classname="com.example.tests.ParamsTest" name="testMethod_alsoPasses" time="0.000"/>
  <testcase classname="com.example.tests.ParamsTest" name="testMethod_success" time="0.000"/>
  <testcase classname="com.example.tests.ParamsTest" name="testMethod_alsoPasses" time="0.004"/>
  <testcase classname="com.example.tests.ParamsTest" name="testMethod_success" time="0.000"/>
  <testcase classname="com.example.tests.ParamsTest" name="testMethod_success" time="0.000"/>
</testsuite> <!-- com.example.tests.ParamsTest -->
