<?xml version="1.0" encoding="UTF-8"?>
<!-- Generated by org.testng.reporters.JUnitReportReporter -->
<testsuite hostname="m2mac" failures="0" tests="15" name="com.example.tests.FieldsTest" time="0.004" errors="0" timestamp="2025-08-19T17:17:15 IST" skipped="0">
  <testcase classname="com.example.tests.FieldsTest" name="testWithFields_Preconditions" time="0.001"/>
  <testcase classname="com.example.tests.FieldsTest" name="testWithFields_Layer_api" time="0.000"/>
  <testcase classname="com.example.tests.FieldsTest" name="testWithFields_Severity_normal" time="0.000"/>
  <testcase classname="com.example.tests.FieldsTest" name="testWithFields_Priority_high" time="0.000"/>
  <testcase classname="com.example.tests.FieldsTest" name="testWithFields_Description" time="0.001"/>
  <testcase classname="com.example.tests.FieldsTest" name="testWithFields_Severity_blocker" time="0.000"/>
  <testcase classname="com.example.tests.FieldsTest" name="testWithFields_Postconditions" time="0.001"/>
  <testcase classname="com.example.tests.FieldsTest" name="testWithFields_Severity_trivial" time="0.000"/>
  <testcase classname="com.example.tests.FieldsTest" name="testWithFields_Layer_unit" time="0.000"/>
  <testcase classname="com.example.tests.FieldsTest" name="testWithFields_Severity_minor" time="0.000"/>
  <testcase classname="com.example.tests.FieldsTest" name="testWithFields_Priority_low" time="0.000"/>
  <testcase classname="com.example.tests.FieldsTest" name="testWithFields_Layer_e2e" time="0.000"/>
  <testcase classname="com.example.tests.FieldsTest" name="testWithFields_Severity_major" time="0.000"/>
  <testcase classname="com.example.tests.FieldsTest" name="testWithFields_Priority_medium" time="0.000"/>
  <testcase classname="com.example.tests.FieldsTest" name="testWithFields_Severity_critical" time="0.001"/>
</testsuite> <!-- com.example.tests.FieldsTest -->
