<?xml version="1.0" encoding="UTF-8"?>
<!-- Generated by org.testng.reporters.JUnitReportReporter -->
<testsuite hostname="m2mac" failures="0" tests="1" name="com.example.tests.AppTest" time="0.001" errors="0" timestamp="2025-08-19T17:17:15 IST" skipped="0">
  <testcase classname="com.example.tests.AppTest" name="Test_without_any_Qase_annotations" time="0.001"/>
</testsuite> <!-- com.example.tests.AppTest -->
